# JRE version: Java(TM) SE Runtime Environment (14.0.1+7) (build 14.0.1+7)
# Java VM: Java HotSpot(TM) 64-Bit Server VM (14.0.1+7, mixed mode, sharing, tiered, compressed oops, g1 gc, bsd-amd64)
Heap:
 garbage-first heap   total 55296K, used 20900K [0x0000000700000000, 0x0000000800000000)
  region size 1024K, 10 young (10240K), 4 survivors (4096K)
 Metaspace       used 33704K, capacity 34961K, committed 35324K, reserved 1079296K
  class space    used 4366K, capacity 4834K, committed 4912K, reserved 1048576K
GC Heap History (14 events):
Event: 1.184 GC heap before
{Heap before GC invocations=0 (full 0):
 garbage-first heap   total 264192K, used 23344K [0x0000000700000000, 0x0000000800000000)
  region size 1024K, 23 young (23552K), 0 survivors (0K)
 Metaspace       used 6051K, capacity 6436K, committed 6528K, reserved 1056768K
  class space    used 742K, capacity 837K, committed 896K, reserved 1048576K
}
Event: 1.191 GC heap after
{Heap after GC invocations=1 (full 0):
 garbage-first heap   total 264192K, used 6204K [0x0000000700000000, 0x0000000800000000)
  region size 1024K, 3 young (3072K), 3 survivors (3072K)
 Metaspace       used 6051K, capacity 6436K, committed 6528K, reserved 1056768K
  class space    used 742K, capacity 837K, committed 896K, reserved 1048576K
}
Event: 1.960 GC heap before
{Heap before GC invocations=1 (full 0):
 garbage-first heap   total 264192K, used 38972K [0x0000000700000000, 0x0000000800000000)
  region size 1024K, 35 young (35840K), 3 survivors (3072K)
 Metaspace       used 9672K, capacity 10114K, committed 10240K, reserved 1058816K
  class space    used 1298K, capacity 1454K, committed 1536K, reserved 1048576K
}
Event: 1.967 GC heap after
{Heap after GC invocations=2 (full 0):
 garbage-first heap   total 264192K, used 7536K [0x0000000700000000, 0x0000000800000000)
  region size 1024K, 2 young (2048K), 2 survivors (2048K)
 Metaspace       used 9672K, capacity 10114K, committed 10240K, reserved 1058816K
  class space    used 1298K, capacity 1454K, committed 1536K, reserved 1048576K
}
Event: 3.657 GC heap before
{Heap before GC invocations=2 (full 0):
 garbage-first heap   total 264192K, used 124272K [0x0000000700000000, 0x0000000800000000)
  region size 1024K, 117 young (119808K), 2 survivors (2048K)
 Metaspace       used 20368K, capacity 21281K, committed 21296K, reserved 1067008K
  class space    used 2782K, capacity 3120K, committed 3120K, reserved 1048576K
}
Event: 3.664 GC heap after
{Heap after GC invocations=3 (full 0):
 garbage-first heap   total 264192K, used 11204K [0x0000000700000000, 0x0000000800000000)
  region size 1024K, 6 young (6144K), 6 survivors (6144K)
 Metaspace       used 20368K, capacity 21281K, committed 21296K, reserved 1067008K
  class space    used 2782K, capacity 3120K, committed 3120K, reserved 1048576K
}
Event: 3.933 GC heap before
{Heap before GC invocations=4 (full 0):
 garbage-first heap   total 55296K, used 37828K [0x0000000700000000, 0x0000000800000000)
  region size 1024K, 32 young (32768K), 6 survivors (6144K)
 Metaspace       used 22246K, capacity 23217K, committed 23548K, reserved 1069056K
  class space    used 2994K, capacity 3340K, committed 3376K, reserved 1048576K
}
Event: 3.940 GC heap after
{Heap after GC invocations=5 (full 0):
 garbage-first heap   total 55296K, used 13036K [0x0000000700000000, 0x0000000800000000)
  region size 1024K, 2 young (2048K), 2 survivors (2048K)
 Metaspace       used 22246K, capacity 23217K, committed 23548K, reserved 1069056K
  class space    used 2994K, capacity 3340K, committed 3376K, reserved 1048576K
}
Event: 4.118 GC heap before
{Heap before GC invocations=5 (full 0):
 garbage-first heap   total 55296K, used 36588K [0x0000000700000000, 0x0000000800000000)
  region size 1024K, 26 young (26624K), 2 survivors (2048K)
 Metaspace       used 23306K, capacity 24303K, committed 24572K, reserved 1071104K
  class space    used 3140K, capacity 3530K, committed 3632K, reserved 1048576K
}
Event: 4.122 GC heap after
{Heap after GC invocations=6 (full 0):
 garbage-first heap   total 55296K, used 12671K [0x0000000700000000, 0x0000000800000000)
  region size 1024K, 2 young (2048K), 2 survivors (2048K)
 Metaspace       used 23306K, capacity 24303K, committed 24572K, reserved 1071104K
  class space    used 3140K, capacity 3530K, committed 3632K, reserved 1048576K
}
Event: 4.412 GC heap before
{Heap before GC invocations=6 (full 0):
 garbage-first heap   total 55296K, used 38271K [0x0000000700000000, 0x0000000800000000)
  region size 1024K, 28 young (28672K), 2 survivors (2048K)
 Metaspace       used 25562K, capacity 26665K, committed 26876K, reserved 1073152K
  class space    used 3452K, capacity 3865K, committed 3888K, reserved 1048576K
}
Event: 4.414 GC heap after
{Heap after GC invocations=7 (full 0):
 garbage-first heap   total 55296K, used 14181K [0x0000000700000000, 0x0000000800000000)
  region size 1024K, 4 young (4096K), 4 survivors (4096K)
 Metaspace       used 25562K, capacity 26665K, committed 26876K, reserved 1073152K
  class space    used 3452K, capacity 3865K, committed 3888K, reserved 1048576K
}
Event: 22.052 GC heap before
{Heap before GC invocations=7 (full 0):
 garbage-first heap   total 55296K, used 38757K [0x0000000700000000, 0x0000000800000000)
  region size 1024K, 29 young (29696K), 4 survivors (4096K)
 Metaspace       used 31605K, capacity 32868K, committed 33020K, reserved 1077248K
  class space    used 4143K, capacity 4606K, committed 4656K, reserved 1048576K
}
Event: 22.059 GC heap after
{Heap after GC invocations=8 (full 0):
 garbage-first heap   total 55296K, used 15780K [0x0000000700000000, 0x0000000800000000)
  region size 1024K, 4 young (4096K), 4 survivors (4096K)
 Metaspace       used 31605K, capacity 32868K, committed 33020K, reserved 1077248K
  class space    used 4143K, capacity 4606K, committed 4656K, reserved 1048576K
}

